Determining if the pthread_create exist failed with the following output:
Change Dir: /root/catkin_ws/build/timed_roslaunch/CMakeFiles/CMakeTmp

Run Build Command:"/usr/bin/make" "cmTC_18cc5/fast"
/usr/bin/make -f CMakeFiles/cmTC_18cc5.dir/build.make CMakeFiles/cmTC_18cc5.dir/build
make[1]: Entering directory '/root/catkin_ws/build/timed_roslaunch/CMakeFiles/CMakeTmp'
Building C object CMakeFiles/cmTC_18cc5.dir/CheckSymbolExists.c.o
/usr/bin/cc     -o CMakeFiles/cmTC_18cc5.dir/CheckSymbolExists.c.o   -c /root/catkin_ws/build/timed_roslaunch/CMakeFiles/CMakeTmp/CheckSymbolExists.c
Linking C executable cmTC_18cc5
/usr/bin/cmake -E cmake_link_script CMakeFiles/cmTC_18cc5.dir/link.txt --verbose=1
/usr/bin/cc       CMakeFiles/cmTC_18cc5.dir/CheckSymbolExists.c.o  -o cmTC_18cc5 -rdynamic 
CMakeFiles/cmTC_18cc5.dir/CheckSymbolExists.c.o: In function `main':
CheckSymbolExists.c:(.text+0x16): undefined reference to `pthread_create'
collect2: error: ld returned 1 exit status
CMakeFiles/cmTC_18cc5.dir/build.make:97: recipe for target 'cmTC_18cc5' failed
make[1]: *** [cmTC_18cc5] Error 1
make[1]: Leaving directory '/root/catkin_ws/build/timed_roslaunch/CMakeFiles/CMakeTmp'
Makefile:126: recipe for target 'cmTC_18cc5/fast' failed
make: *** [cmTC_18cc5/fast] Error 2

File /root/catkin_ws/build/timed_roslaunch/CMakeFiles/CMakeTmp/CheckSymbolExists.c:
/* */
#include <pthread.h>

int main(int argc, char** argv)
{
  (void)argv;
#ifndef pthread_create
  return ((int*)(&pthread_create))[argc];
#else
  (void)argc;
  return 0;
#endif
}

Determining if the function pthread_create exists in the pthreads failed with the following output:
Change Dir: /root/catkin_ws/build/timed_roslaunch/CMakeFiles/CMakeTmp

Run Build Command:"/usr/bin/make" "cmTC_76dee/fast"
/usr/bin/make -f CMakeFiles/cmTC_76dee.dir/build.make CMakeFiles/cmTC_76dee.dir/build
make[1]: Entering directory '/root/catkin_ws/build/timed_roslaunch/CMakeFiles/CMakeTmp'
Building C object CMakeFiles/cmTC_76dee.dir/CheckFunctionExists.c.o
/usr/bin/cc    -DCHECK_FUNCTION_EXISTS=pthread_create   -o CMakeFiles/cmTC_76dee.dir/CheckFunctionExists.c.o   -c /usr/share/cmake-3.5/Modules/CheckFunctionExists.c
Linking C executable cmTC_76dee
/usr/bin/cmake -E cmake_link_script CMakeFiles/cmTC_76dee.dir/link.txt --verbose=1
/usr/bin/cc   -DCHECK_FUNCTION_EXISTS=pthread_create    CMakeFiles/cmTC_76dee.dir/CheckFunctionExists.c.o  -o cmTC_76dee -rdynamic -lpthreads 
/usr/bin/ld: cannot find -lpthreads
collect2: error: ld returned 1 exit status
CMakeFiles/cmTC_76dee.dir/build.make:97: recipe for target 'cmTC_76dee' failed
make[1]: *** [cmTC_76dee] Error 1
make[1]: Leaving directory '/root/catkin_ws/build/timed_roslaunch/CMakeFiles/CMakeTmp'
Makefile:126: recipe for target 'cmTC_76dee/fast' failed
make: *** [cmTC_76dee/fast] Error 2


